  test.cpp
E:\Codes\myOpenCVproject\myOpenCVproject\test.cpp(46,1): warning C4326: return type of 'main' should be 'int' instead of 'void'
E:\Codes\myOpenCVproject\myOpenCVproject\test.cpp(297,53): warning C4267: 'argument': conversion from 'size_t' to 'int', possible loss of data
E:\Codes\myOpenCVproject\myOpenCVproject\test.cpp(298,54): warning C4267: 'argument': conversion from 'size_t' to 'int', possible loss of data
E:\Codes\myOpenCVproject\myOpenCVproject\test.cpp(299,56): warning C4267: 'argument': conversion from 'size_t' to 'int', possible loss of data
E:\Codes\myOpenCVproject\myOpenCVproject\test.cpp(317,59): warning C4244: 'argument': conversion from 'float' to '_Tp', possible loss of data
E:\Codes\myOpenCVproject\myOpenCVproject\test.cpp(317,59): warning C4244:         with
E:\Codes\myOpenCVproject\myOpenCVproject\test.cpp(317,59): warning C4244:         [
E:\Codes\myOpenCVproject\myOpenCVproject\test.cpp(317,59): warning C4244:             _Tp=int
E:\Codes\myOpenCVproject\myOpenCVproject\test.cpp(317,59): warning C4244:         ]
E:\Codes\myOpenCVproject\myOpenCVproject\test.cpp(317,26): warning C4244: 'argument': conversion from 'float' to '_Tp', possible loss of data
E:\Codes\myOpenCVproject\myOpenCVproject\test.cpp(317,26): warning C4244:         with
E:\Codes\myOpenCVproject\myOpenCVproject\test.cpp(317,26): warning C4244:         [
E:\Codes\myOpenCVproject\myOpenCVproject\test.cpp(317,26): warning C4244:             _Tp=int
E:\Codes\myOpenCVproject\myOpenCVproject\test.cpp(317,26): warning C4244:         ]
  Generating code
  1 of 399 functions ( 0.3%) were compiled, the rest were copied from previous compilation.
    0 functions were new in current compilation
    1 functions had inline decision re-evaluated but remain unchanged
  Finished generating code
  myOpenCVproject.vcxproj -> E:\Codes\myOpenCVproject\x64\Release\myOpenCVproject.exe
